<?xml version="1.0" encoding="UTF-8"?>
<testsuite name="experiment.analyzer.VariableInfoTest" tests="2" skipped="0" failures="0" errors="0" timestamp="2020-11-20T14:47:11" hostname="torikatsuMBP.local" time="0.001">
  <properties/>
  <testcase name="equals" classname="experiment.analyzer.VariableInfoTest" time="0.0"/>
  <testcase name="toMap" classname="experiment.analyzer.VariableInfoTest" time="0.001"/>
  <system-out><![CDATA[]]></system-out>
  <system-err><![CDATA[]]></system-err>
</testsuite>
