<?xml version="1.0" encoding="UTF-8"?>
<testsuite name="experiment.FilerTest" tests="4" skipped="0" failures="0" errors="0" timestamp="2020-11-20T14:47:11" hostname="torikatsuMBP.local" time="0.009">
  <properties/>
  <testcase name="extractjavaFileFromRootDirectory" classname="experiment.FilerTest" time="0.003"/>
  <testcase name="delete" classname="experiment.FilerTest" time="0.001"/>
  <testcase name="extractFileList" classname="experiment.FilerTest" time="0.002"/>
  <testcase name="extractJavaFile" classname="experiment.FilerTest" time="0.002"/>
  <system-out><![CDATA[]]></system-out>
  <system-err><![CDATA[]]></system-err>
</testsuite>
