<?xml version="1.0" encoding="UTF-8"?>
<testsuite name="experiment.ReportManagerTest" tests="2" skipped="0" failures="0" errors="0" timestamp="2020-11-20T14:47:08" hostname="torikatsuMBP.local" time="0.037">
  <properties/>
  <testcase name="constructor" classname="experiment.ReportManagerTest" time="0.018"/>
  <testcase name="export" classname="experiment.ReportManagerTest" time="0.019"/>
  <system-out><![CDATA[]]></system-out>
  <system-err><![CDATA[]]></system-err>
</testsuite>
